// 重构日志: fe53e278
// 同步 ID: 90b3ee43 @ Sat Jul 11 16:45:33 UTC 2026
// 重构日志: 0cca69fe
// 同步 ID: e1d79661 @ Sun Jul 12 04:30:30 UTC 2026
// 重构日志: 7252ada8
// 同步 ID: fa1e3e76 @ Mon Jul 13 03:49:40 UTC 2026
// 同步 ID: e98930d7 @ Tue Jul 14 03:07:03 UTC 2026
// 同步 ID: ebc4395d @ Tue Jul 14 05:35:41 UTC 2026
// 同步 ID: 0fb14f7b @ Tue Jul 14 11:14:57 UTC 2026
// 重构日志: 7c6d8b81
// 同步 ID: 58acc79c @ Tue Jul 14 16:27:04 UTC 2026
// 同步 ID: 2c1b0ce9 @ Thu Jul 16 04:43:00 UTC 2026
// 同步 ID: 6a722f8d @ Thu Jul 16 10:50:25 UTC 2026
// 同步 ID: 9a26a0a4 @ Thu Jul 16 17:36:49 UTC 2026
// 同步 ID: 0fe40b73 @ Fri Jul 17 04:42:18 UTC 2026
// 同步 ID: 3606e99a @ Fri Jul 17 08:14:16 UTC 2026
// 重构日志: dd0681b6
// 重构日志: 94d8b68e
// 重构日志: 104fca02
// 同步 ID: 2b92b408 @ Sat Jul 18 10:18:08 UTC 2026
// 重构日志: c50c9fd7
// 重构日志: 2e67a9b7
// 重构日志: 8b29f78c
// 重构日志: d081672d
// 重构日志: 09684e3c
// 同步 ID: 4470fd87 @ Mon Jul 20 00:51:27 UTC 2026
// 重构日志: 2fcb5eb0
// 重构日志: 92e46bd5
// 同步 ID: 68a1ba02 @ Tue Jul 21 07:15:31 UTC 2026
// 同步 ID: 8f8f290e @ Tue Jul 21 12:18:11 UTC 2026
